<?xml version="1.0" encoding="UTF-8"?>
<!-- Generated by org.testng.reporters.JUnitReportReporter -->
<testsuite hostname="RES-NB-020" failures="0" tests="1" name="TestingInner.TestingOuter.Runn" time="69.641" errors="0" timestamp="26 Jan 2022 12:06:47 GMT" skipped="0">
  <testcase classname="TestingInner.TestingOuter.Runn" name="pagetrigger" time="69.641"/>
</testsuite> <!-- TestingInner.TestingOuter.Runn -->
